2024-11-12 14:09:36,441 [Worker-0: Loading available Gradle versions] INFO  o.e.b.c.i.u.g.PublishedGradleVersions - Gradle version information cache is up-to-date. Trying to read.
2024-11-12 14:09:55,501 [Worker-1: Loading available Gradle versions] INFO  o.e.b.c.i.u.g.PublishedGradleVersions - Gradle version information cache is up-to-date. Trying to read.
2024-11-12 14:12:00,877 [Worker-3: Importing Maven projects] INFO  o.e.m.c.i.l.LifecycleMappingFactory - Using org.eclipse.m2e.jdt.JarLifecycleMapping lifecycle mapping for MavenProject: InsuranceNow_v1.0:InsuranceNow_v1.0:0.0.1-SNAPSHOT @ C:\Users\SRajendran\InsuranceNow_v1.0\InsuranceNow_v1.0\pom.xml.
2024-11-12 14:12:01,757 [Worker-3: Importing Maven projects] INFO  o.e.m.j.i.AbstractJavaProjectConfigurator - Adding source folder /InsuranceNow_v1.0/src/main/java
2024-11-12 14:12:01,759 [Worker-3: Importing Maven projects] INFO  o.e.m.j.i.AbstractJavaProjectConfigurator - Adding resource folder /InsuranceNow_v1.0/src/main/resources
2024-11-12 14:12:01,760 [Worker-3: Importing Maven projects] INFO  o.e.m.j.i.AbstractJavaProjectConfigurator - Adding source folder /InsuranceNow_v1.0/src/test/java
2024-11-12 14:12:01,761 [Worker-3: Importing Maven projects] INFO  o.e.m.j.i.AbstractJavaProjectConfigurator - Adding resource folder /InsuranceNow_v1.0/src/test/resources
2024-11-12 14:12:01,936 [Worker-3: Importing Maven projects] INFO  o.e.m.c.i.p.ProjectConfigurationManager - Imported and configured 1 project(s) in 2 sec
2024-11-12 14:12:03,308 [Worker-4: Building] WARN  o.a.m.s.f.DefaultMavenResourcesFiltering - Using platform encoding (UTF-8 actually) to copy filtered resources, i.e. build is platform dependent!
2024-11-12 14:12:03,309 [Worker-4: Building] INFO  o.a.m.s.f.DefaultMavenResourcesFiltering - skip non existing resourceDirectory C:\Users\SRajendran\InsuranceNow_v1.0\InsuranceNow_v1.0\src\main\resources
2024-11-12 14:12:03,315 [Worker-4: Building] WARN  o.a.m.s.f.DefaultMavenResourcesFiltering - Using platform encoding (UTF-8 actually) to copy filtered resources, i.e. build is platform dependent!
2024-11-12 14:12:03,321 [Worker-4: Building] INFO  o.a.m.s.f.DefaultMavenResourcesFiltering - Copying 3 resources from src\test\resources to target\test-classes
2024-11-12 14:12:32,723 [Worker-5: Launching Executing test in C__Users_SRajendran_InsuranceNow_v1.0_InsuranceNow_v1.0] INFO  o.eclipse.m2e.core.internal.Bundles - getClasspathEntries(Bundle=org.eclipse.m2e.maven.runtime_3.9.900.20240824-1409 [862])
2024-11-12 14:12:32,724 [Worker-5: Launching Executing test in C__Users_SRajendran_InsuranceNow_v1.0_InsuranceNow_v1.0] INFO  o.eclipse.m2e.core.internal.Bundles - 	Entry: C:\Users\SRajendran\.p2\pool\plugins\org.eclipse.m2e.maven.runtime_3.9.900.20240824-1409
2024-11-12 14:12:32,725 [Worker-5: Launching Executing test in C__Users_SRajendran_InsuranceNow_v1.0_InsuranceNow_v1.0] INFO  o.eclipse.m2e.core.internal.Bundles - 	Entry: C:\Users\SRajendran\.p2\pool\plugins\org.eclipse.m2e.maven.runtime_3.9.900.20240824-1409\jars\aopalliance-1.0.jar
2024-11-12 14:12:32,725 [Worker-5: Launching Executing test in C__Users_SRajendran_InsuranceNow_v1.0_InsuranceNow_v1.0] INFO  o.eclipse.m2e.core.internal.Bundles - 	Entry: C:\Users\SRajendran\.p2\pool\plugins\org.eclipse.m2e.maven.runtime_3.9.900.20240824-1409\jars\guice-5.1.0.jar
2024-11-12 14:12:32,725 [Worker-5: Launching Executing test in C__Users_SRajendran_InsuranceNow_v1.0_InsuranceNow_v1.0] INFO  o.eclipse.m2e.core.internal.Bundles - 	Entry: C:\Users\SRajendran\.p2\pool\plugins\org.eclipse.m2e.maven.runtime_3.9.900.20240824-1409\jars\httpclient-4.5.14.jar
2024-11-12 14:12:32,725 [Worker-5: Launching Executing test in C__Users_SRajendran_InsuranceNow_v1.0_InsuranceNow_v1.0] INFO  o.eclipse.m2e.core.internal.Bundles - 	Entry: C:\Users\SRajendran\.p2\pool\plugins\org.eclipse.m2e.maven.runtime_3.9.900.20240824-1409\jars\httpcore-4.4.16.jar
2024-11-12 14:12:32,725 [Worker-5: Launching Executing test in C__Users_SRajendran_InsuranceNow_v1.0_InsuranceNow_v1.0] INFO  o.eclipse.m2e.core.internal.Bundles - 	Entry: C:\Users\SRajendran\.p2\pool\plugins\org.eclipse.m2e.maven.runtime_3.9.900.20240824-1409\jars\jansi-2.4.1.jar
2024-11-12 14:12:32,725 [Worker-5: Launching Executing test in C__Users_SRajendran_InsuranceNow_v1.0_InsuranceNow_v1.0] INFO  o.eclipse.m2e.core.internal.Bundles - 	Entry: C:\Users\SRajendran\.p2\pool\plugins\org.eclipse.m2e.maven.runtime_3.9.900.20240824-1409\jars\jcl-over-slf4j-1.7.36.jar
2024-11-12 14:12:32,725 [Worker-5: Launching Executing test in C__Users_SRajendran_InsuranceNow_v1.0_InsuranceNow_v1.0] INFO  o.eclipse.m2e.core.internal.Bundles - 	Entry: C:\Users\SRajendran\.p2\pool\plugins\org.eclipse.m2e.maven.runtime_3.9.900.20240824-1409\jars\maven-artifact-3.9.9.jar
2024-11-12 14:12:32,726 [Worker-5: Launching Executing test in C__Users_SRajendran_InsuranceNow_v1.0_InsuranceNow_v1.0] INFO  o.eclipse.m2e.core.internal.Bundles - 	Entry: C:\Users\SRajendran\.p2\pool\plugins\org.eclipse.m2e.maven.runtime_3.9.900.20240824-1409\jars\maven-builder-support-3.9.9.jar
2024-11-12 14:12:32,726 [Worker-5: Launching Executing test in C__Users_SRajendran_InsuranceNow_v1.0_InsuranceNow_v1.0] INFO  o.eclipse.m2e.core.internal.Bundles - 	Entry: C:\Users\SRajendran\.p2\pool\plugins\org.eclipse.m2e.maven.runtime_3.9.900.20240824-1409\jars\maven-compat-3.9.9.jar
2024-11-12 14:12:32,726 [Worker-5: Launching Executing test in C__Users_SRajendran_InsuranceNow_v1.0_InsuranceNow_v1.0] INFO  o.eclipse.m2e.core.internal.Bundles - 	Entry: C:\Users\SRajendran\.p2\pool\plugins\org.eclipse.m2e.maven.runtime_3.9.900.20240824-1409\jars\maven-core-3.9.9.jar
2024-11-12 14:12:32,726 [Worker-5: Launching Executing test in C__Users_SRajendran_InsuranceNow_v1.0_InsuranceNow_v1.0] INFO  o.eclipse.m2e.core.internal.Bundles - 	Entry: C:\Users\SRajendran\.p2\pool\plugins\org.eclipse.m2e.maven.runtime_3.9.900.20240824-1409\jars\maven-embedder-3.9.9.jar
2024-11-12 14:12:32,726 [Worker-5: Launching Executing test in C__Users_SRajendran_InsuranceNow_v1.0_InsuranceNow_v1.0] INFO  o.eclipse.m2e.core.internal.Bundles - 	Entry: C:\Users\SRajendran\.p2\pool\plugins\org.eclipse.m2e.maven.runtime_3.9.900.20240824-1409\jars\maven-model-3.9.9.jar
2024-11-12 14:12:32,727 [Worker-5: Launching Executing test in C__Users_SRajendran_InsuranceNow_v1.0_InsuranceNow_v1.0] INFO  o.eclipse.m2e.core.internal.Bundles - 	Entry: C:\Users\SRajendran\.p2\pool\plugins\org.eclipse.m2e.maven.runtime_3.9.900.20240824-1409\jars\maven-model-builder-3.9.9.jar
2024-11-12 14:12:32,727 [Worker-5: Launching Executing test in C__Users_SRajendran_InsuranceNow_v1.0_InsuranceNow_v1.0] INFO  o.eclipse.m2e.core.internal.Bundles - 	Entry: C:\Users\SRajendran\.p2\pool\plugins\org.eclipse.m2e.maven.runtime_3.9.900.20240824-1409\jars\maven-plugin-api-3.9.9.jar
2024-11-12 14:12:32,727 [Worker-5: Launching Executing test in C__Users_SRajendran_InsuranceNow_v1.0_InsuranceNow_v1.0] INFO  o.eclipse.m2e.core.internal.Bundles - 	Entry: C:\Users\SRajendran\.p2\pool\plugins\org.eclipse.m2e.maven.runtime_3.9.900.20240824-1409\jars\maven-repository-metadata-3.9.9.jar
2024-11-12 14:12:32,727 [Worker-5: Launching Executing test in C__Users_SRajendran_InsuranceNow_v1.0_InsuranceNow_v1.0] INFO  o.eclipse.m2e.core.internal.Bundles - 	Entry: C:\Users\SRajendran\.p2\pool\plugins\org.eclipse.m2e.maven.runtime_3.9.900.20240824-1409\jars\maven-resolver-api-1.9.22.jar
2024-11-12 14:12:32,727 [Worker-5: Launching Executing test in C__Users_SRajendran_InsuranceNow_v1.0_InsuranceNow_v1.0] INFO  o.eclipse.m2e.core.internal.Bundles - 	Entry: C:\Users\SRajendran\.p2\pool\plugins\org.eclipse.m2e.maven.runtime_3.9.900.20240824-1409\jars\maven-resolver-connector-basic-1.9.22.jar
2024-11-12 14:12:32,728 [Worker-5: Launching Executing test in C__Users_SRajendran_InsuranceNow_v1.0_InsuranceNow_v1.0] INFO  o.eclipse.m2e.core.internal.Bundles - 	Entry: C:\Users\SRajendran\.p2\pool\plugins\org.eclipse.m2e.maven.runtime_3.9.900.20240824-1409\jars\maven-resolver-impl-1.9.22.jar
2024-11-12 14:12:32,728 [Worker-5: Launching Executing test in C__Users_SRajendran_InsuranceNow_v1.0_InsuranceNow_v1.0] INFO  o.eclipse.m2e.core.internal.Bundles - 	Entry: C:\Users\SRajendran\.p2\pool\plugins\org.eclipse.m2e.maven.runtime_3.9.900.20240824-1409\jars\maven-resolver-named-locks-1.9.22.jar
2024-11-12 14:12:32,728 [Worker-5: Launching Executing test in C__Users_SRajendran_InsuranceNow_v1.0_InsuranceNow_v1.0] INFO  o.eclipse.m2e.core.internal.Bundles - 	Entry: C:\Users\SRajendran\.p2\pool\plugins\org.eclipse.m2e.maven.runtime_3.9.900.20240824-1409\jars\maven-resolver-provider-3.9.9.jar
2024-11-12 14:12:32,728 [Worker-5: Launching Executing test in C__Users_SRajendran_InsuranceNow_v1.0_InsuranceNow_v1.0] INFO  o.eclipse.m2e.core.internal.Bundles - 	Entry: C:\Users\SRajendran\.p2\pool\plugins\org.eclipse.m2e.maven.runtime_3.9.900.20240824-1409\jars\maven-resolver-spi-1.9.22.jar
2024-11-12 14:12:32,729 [Worker-5: Launching Executing test in C__Users_SRajendran_InsuranceNow_v1.0_InsuranceNow_v1.0] INFO  o.eclipse.m2e.core.internal.Bundles - 	Entry: C:\Users\SRajendran\.p2\pool\plugins\org.eclipse.m2e.maven.runtime_3.9.900.20240824-1409\jars\maven-resolver-transport-file-1.9.22.jar
2024-11-12 14:12:32,729 [Worker-5: Launching Executing test in C__Users_SRajendran_InsuranceNow_v1.0_InsuranceNow_v1.0] INFO  o.eclipse.m2e.core.internal.Bundles - 	Entry: C:\Users\SRajendran\.p2\pool\plugins\org.eclipse.m2e.maven.runtime_3.9.900.20240824-1409\jars\maven-resolver-transport-http-1.9.22.jar
2024-11-12 14:12:32,729 [Worker-5: Launching Executing test in C__Users_SRajendran_InsuranceNow_v1.0_InsuranceNow_v1.0] INFO  o.eclipse.m2e.core.internal.Bundles - 	Entry: C:\Users\SRajendran\.p2\pool\plugins\org.eclipse.m2e.maven.runtime_3.9.900.20240824-1409\jars\maven-resolver-transport-wagon-1.9.22.jar
2024-11-12 14:12:32,729 [Worker-5: Launching Executing test in C__Users_SRajendran_InsuranceNow_v1.0_InsuranceNow_v1.0] INFO  o.eclipse.m2e.core.internal.Bundles - 	Entry: C:\Users\SRajendran\.p2\pool\plugins\org.eclipse.m2e.maven.runtime_3.9.900.20240824-1409\jars\maven-resolver-util-1.9.22.jar
2024-11-12 14:12:32,730 [Worker-5: Launching Executing test in C__Users_SRajendran_InsuranceNow_v1.0_InsuranceNow_v1.0] INFO  o.eclipse.m2e.core.internal.Bundles - 	Entry: C:\Users\SRajendran\.p2\pool\plugins\org.eclipse.m2e.maven.runtime_3.9.900.20240824-1409\jars\maven-settings-3.9.9.jar
2024-11-12 14:12:32,730 [Worker-5: Launching Executing test in C__Users_SRajendran_InsuranceNow_v1.0_InsuranceNow_v1.0] INFO  o.eclipse.m2e.core.internal.Bundles - 	Entry: C:\Users\SRajendran\.p2\pool\plugins\org.eclipse.m2e.maven.runtime_3.9.900.20240824-1409\jars\maven-settings-builder-3.9.9.jar
2024-11-12 14:12:32,730 [Worker-5: Launching Executing test in C__Users_SRajendran_InsuranceNow_v1.0_InsuranceNow_v1.0] INFO  o.eclipse.m2e.core.internal.Bundles - 	Entry: C:\Users\SRajendran\.p2\pool\plugins\org.eclipse.m2e.maven.runtime_3.9.900.20240824-1409\jars\maven-shared-utils-3.4.2.jar
2024-11-12 14:12:32,730 [Worker-5: Launching Executing test in C__Users_SRajendran_InsuranceNow_v1.0_InsuranceNow_v1.0] INFO  o.eclipse.m2e.core.internal.Bundles - 	Entry: C:\Users\SRajendran\.p2\pool\plugins\org.eclipse.m2e.maven.runtime_3.9.900.20240824-1409\jars\org.eclipse.sisu.inject-0.9.0.M3.jar
2024-11-12 14:12:32,730 [Worker-5: Launching Executing test in C__Users_SRajendran_InsuranceNow_v1.0_InsuranceNow_v1.0] INFO  o.eclipse.m2e.core.internal.Bundles - 	Entry: C:\Users\SRajendran\.p2\pool\plugins\org.eclipse.m2e.maven.runtime_3.9.900.20240824-1409\jars\org.eclipse.sisu.plexus-0.9.0.M3.jar
2024-11-12 14:12:32,731 [Worker-5: Launching Executing test in C__Users_SRajendran_InsuranceNow_v1.0_InsuranceNow_v1.0] INFO  o.eclipse.m2e.core.internal.Bundles - 	Entry: C:\Users\SRajendran\.p2\pool\plugins\org.eclipse.m2e.maven.runtime_3.9.900.20240824-1409\jars\plexus-build-api-0.0.7.jar
2024-11-12 14:12:32,731 [Worker-5: Launching Executing test in C__Users_SRajendran_InsuranceNow_v1.0_InsuranceNow_v1.0] INFO  o.eclipse.m2e.core.internal.Bundles - 	Entry: C:\Users\SRajendran\.p2\pool\plugins\org.eclipse.m2e.maven.runtime_3.9.900.20240824-1409\jars\plexus-build-api-1.2.0.jar
2024-11-12 14:12:32,731 [Worker-5: Launching Executing test in C__Users_SRajendran_InsuranceNow_v1.0_InsuranceNow_v1.0] INFO  o.eclipse.m2e.core.internal.Bundles - 	Entry: C:\Users\SRajendran\.p2\pool\plugins\org.eclipse.m2e.maven.runtime_3.9.900.20240824-1409\jars\plexus-cipher-2.0.jar
2024-11-12 14:12:32,731 [Worker-5: Launching Executing test in C__Users_SRajendran_InsuranceNow_v1.0_InsuranceNow_v1.0] INFO  o.eclipse.m2e.core.internal.Bundles - 	Entry: C:\Users\SRajendran\.p2\pool\plugins\org.eclipse.m2e.maven.runtime_3.9.900.20240824-1409\jars\plexus-classworlds-2.8.0.jar
2024-11-12 14:12:32,732 [Worker-5: Launching Executing test in C__Users_SRajendran_InsuranceNow_v1.0_InsuranceNow_v1.0] INFO  o.eclipse.m2e.core.internal.Bundles - 	Entry: C:\Users\SRajendran\.p2\pool\plugins\org.eclipse.m2e.maven.runtime_3.9.900.20240824-1409\jars\plexus-component-annotations-2.1.0.jar
2024-11-12 14:12:32,732 [Worker-5: Launching Executing test in C__Users_SRajendran_InsuranceNow_v1.0_InsuranceNow_v1.0] INFO  o.eclipse.m2e.core.internal.Bundles - 	Entry: C:\Users\SRajendran\.p2\pool\plugins\org.eclipse.m2e.maven.runtime_3.9.900.20240824-1409\jars\plexus-interpolation-1.27.jar
2024-11-12 14:12:32,732 [Worker-5: Launching Executing test in C__Users_SRajendran_InsuranceNow_v1.0_InsuranceNow_v1.0] INFO  o.eclipse.m2e.core.internal.Bundles - 	Entry: C:\Users\SRajendran\.p2\pool\plugins\org.eclipse.m2e.maven.runtime_3.9.900.20240824-1409\jars\plexus-sec-dispatcher-2.0.jar
2024-11-12 14:12:32,732 [Worker-5: Launching Executing test in C__Users_SRajendran_InsuranceNow_v1.0_InsuranceNow_v1.0] INFO  o.eclipse.m2e.core.internal.Bundles - 	Entry: C:\Users\SRajendran\.p2\pool\plugins\org.eclipse.m2e.maven.runtime_3.9.900.20240824-1409\jars\plexus-utils-3.5.1.jar
2024-11-12 14:12:32,732 [Worker-5: Launching Executing test in C__Users_SRajendran_InsuranceNow_v1.0_InsuranceNow_v1.0] INFO  o.eclipse.m2e.core.internal.Bundles - 	Entry: C:\Users\SRajendran\.p2\pool\plugins\org.eclipse.m2e.maven.runtime_3.9.900.20240824-1409\jars\plexus-xml-3.0.1.jar
2024-11-12 14:12:32,733 [Worker-5: Launching Executing test in C__Users_SRajendran_InsuranceNow_v1.0_InsuranceNow_v1.0] INFO  o.eclipse.m2e.core.internal.Bundles - 	Entry: C:\Users\SRajendran\.p2\pool\plugins\org.eclipse.m2e.maven.runtime_3.9.900.20240824-1409\jars\wagon-file-3.5.3.jar
2024-11-12 14:12:32,733 [Worker-5: Launching Executing test in C__Users_SRajendran_InsuranceNow_v1.0_InsuranceNow_v1.0] INFO  o.eclipse.m2e.core.internal.Bundles - 	Entry: C:\Users\SRajendran\.p2\pool\plugins\org.eclipse.m2e.maven.runtime_3.9.900.20240824-1409\jars\wagon-http-3.5.3.jar
2024-11-12 14:12:32,733 [Worker-5: Launching Executing test in C__Users_SRajendran_InsuranceNow_v1.0_InsuranceNow_v1.0] INFO  o.eclipse.m2e.core.internal.Bundles - 	Entry: C:\Users\SRajendran\.p2\pool\plugins\org.eclipse.m2e.maven.runtime_3.9.900.20240824-1409\jars\wagon-http-shared-3.5.3.jar
2024-11-12 14:12:32,733 [Worker-5: Launching Executing test in C__Users_SRajendran_InsuranceNow_v1.0_InsuranceNow_v1.0] INFO  o.eclipse.m2e.core.internal.Bundles - 	Entry: C:\Users\SRajendran\.p2\pool\plugins\org.eclipse.m2e.maven.runtime_3.9.900.20240824-1409\jars\wagon-provider-api-3.5.3.jar
2024-11-12 14:12:32,736 [Worker-5: Launching Executing test in C__Users_SRajendran_InsuranceNow_v1.0_InsuranceNow_v1.0] INFO  o.eclipse.m2e.core.internal.Bundles - getClasspathEntries(Bundle=com.google.guava_33.3.0.jre [642])
2024-11-12 14:12:32,736 [Worker-5: Launching Executing test in C__Users_SRajendran_InsuranceNow_v1.0_InsuranceNow_v1.0] INFO  o.eclipse.m2e.core.internal.Bundles - 	Entry: C:\Users\SRajendran\.p2\pool\plugins\com.google.guava_33.3.0.jre.jar
2024-11-12 14:12:32,736 [Worker-5: Launching Executing test in C__Users_SRajendran_InsuranceNow_v1.0_InsuranceNow_v1.0] INFO  o.eclipse.m2e.core.internal.Bundles - getClasspathEntries(Bundle=slf4j.api_2.0.16 [1030])
2024-11-12 14:12:32,737 [Worker-5: Launching Executing test in C__Users_SRajendran_InsuranceNow_v1.0_InsuranceNow_v1.0] INFO  o.eclipse.m2e.core.internal.Bundles - 	Entry: C:\Users\SRajendran\.p2\pool\plugins\slf4j.api_2.0.16.jar
2024-11-12 14:12:32,737 [Worker-5: Launching Executing test in C__Users_SRajendran_InsuranceNow_v1.0_InsuranceNow_v1.0] INFO  o.eclipse.m2e.core.internal.Bundles - getClasspathEntries(Bundle=jakarta.inject.jakarta.inject-api_1.0.5 [22])
2024-11-12 14:12:32,737 [Worker-5: Launching Executing test in C__Users_SRajendran_InsuranceNow_v1.0_InsuranceNow_v1.0] INFO  o.eclipse.m2e.core.internal.Bundles - 	Entry: C:\Users\SRajendran\.p2\pool\plugins\jakarta.inject.jakarta.inject-api_1.0.5.jar
2024-11-12 14:12:32,737 [Worker-5: Launching Executing test in C__Users_SRajendran_InsuranceNow_v1.0_InsuranceNow_v1.0] INFO  o.eclipse.m2e.core.internal.Bundles - getClasspathEntries(Bundle=jakarta.annotation-api_1.3.5 [20])
2024-11-12 14:12:32,738 [Worker-5: Launching Executing test in C__Users_SRajendran_InsuranceNow_v1.0_InsuranceNow_v1.0] INFO  o.eclipse.m2e.core.internal.Bundles - 	Entry: C:\Users\SRajendran\.p2\pool\plugins\jakarta.annotation-api_1.3.5.jar
2024-11-12 14:12:32,738 [Worker-5: Launching Executing test in C__Users_SRajendran_InsuranceNow_v1.0_InsuranceNow_v1.0] INFO  o.eclipse.m2e.core.internal.Bundles - getClasspathEntries(Bundle=org.apache.commons.cli_1.9.0 [658])
2024-11-12 14:12:32,738 [Worker-5: Launching Executing test in C__Users_SRajendran_InsuranceNow_v1.0_InsuranceNow_v1.0] INFO  o.eclipse.m2e.core.internal.Bundles - 	Entry: C:\Users\SRajendran\.p2\pool\plugins\org.apache.commons.cli_1.9.0.jar
2024-11-12 14:12:32,738 [Worker-5: Launching Executing test in C__Users_SRajendran_InsuranceNow_v1.0_InsuranceNow_v1.0] INFO  o.eclipse.m2e.core.internal.Bundles - getClasspathEntries(Bundle=org.apache.commons.commons-codec_1.16.0 [47])
2024-11-12 14:12:32,738 [Worker-5: Launching Executing test in C__Users_SRajendran_InsuranceNow_v1.0_InsuranceNow_v1.0] INFO  o.eclipse.m2e.core.internal.Bundles - 	Entry: C:\Users\SRajendran\.p2\pool\plugins\org.apache.commons.commons-codec_1.16.0.jar
2024-11-12 14:12:32,739 [Worker-5: Launching Executing test in C__Users_SRajendran_InsuranceNow_v1.0_InsuranceNow_v1.0] INFO  o.eclipse.m2e.core.internal.Bundles - getClasspathEntries(Bundle=com.google.guava.failureaccess_1.0.2 [11])
2024-11-12 14:12:32,739 [Worker-5: Launching Executing test in C__Users_SRajendran_InsuranceNow_v1.0_InsuranceNow_v1.0] INFO  o.eclipse.m2e.core.internal.Bundles - 	Entry: C:\Users\SRajendran\.p2\pool\plugins\com.google.guava.failureaccess_1.0.2.jar
2024-11-12 14:12:32,745 [Worker-5: Launching Executing test in C__Users_SRajendran_InsuranceNow_v1.0_InsuranceNow_v1.0] INFO  o.e.m.i.launch.MavenLaunchDelegate - Run build in "C:\Users\SRajendran\InsuranceNow_v1.0\InsuranceNow_v1.0":
2024-11-12 14:12:32,749 [Worker-5: Launching Executing test in C__Users_SRajendran_InsuranceNow_v1.0_InsuranceNow_v1.0] INFO  o.e.m.i.launch.MavenLaunchDelegate -  mvn  -B -Dstyle.color=always test
2024-11-12 14:12:56,973 [Worker-5: Building] WARN  o.a.m.s.f.DefaultMavenResourcesFiltering - Using platform encoding (UTF-8 actually) to copy filtered resources, i.e. build is platform dependent!
2024-11-12 14:12:56,974 [Worker-5: Building] INFO  o.a.m.s.f.DefaultMavenResourcesFiltering - skip non existing resourceDirectory C:\Users\SRajendran\InsuranceNow_v1.0\InsuranceNow_v1.0\src\main\resources
2024-11-12 14:12:56,978 [Worker-5: Building] WARN  o.a.m.s.f.DefaultMavenResourcesFiltering - Using platform encoding (UTF-8 actually) to copy filtered resources, i.e. build is platform dependent!
2024-11-12 14:12:56,980 [Worker-5: Building] INFO  o.a.m.s.f.DefaultMavenResourcesFiltering - Copying 0 resource from src\test\resources to target\test-classes
2024-11-12 14:17:38,367 [Worker-20: Building] WARN  o.a.m.s.f.DefaultMavenResourcesFiltering - Using platform encoding (UTF-8 actually) to copy filtered resources, i.e. build is platform dependent!
2024-11-12 14:17:38,368 [Worker-20: Building] INFO  o.a.m.s.f.DefaultMavenResourcesFiltering - skip non existing resourceDirectory C:\Users\SRajendran\InsuranceNow_v1.0\InsuranceNow_v1.0\src\main\resources
2024-11-12 14:17:38,370 [Worker-20: Building] WARN  o.a.m.s.f.DefaultMavenResourcesFiltering - Using platform encoding (UTF-8 actually) to copy filtered resources, i.e. build is platform dependent!
2024-11-12 14:17:38,371 [Worker-20: Building] INFO  o.a.m.s.f.DefaultMavenResourcesFiltering - Copying 3 resources from src\test\resources to target\test-classes
2024-11-12 14:18:18,824 [Worker-20: Updating Maven Project] INFO  o.e.m.c.i.p.ProjectConfigurationManager - Update started
2024-11-12 14:18:19,135 [Worker-20: Updating Maven Project] INFO  o.e.m.c.i.l.LifecycleMappingFactory - Using org.eclipse.m2e.jdt.JarLifecycleMapping lifecycle mapping for MavenProject: InsuranceNow_v1.0:InsuranceNow_v1.0:0.0.1-SNAPSHOT @ C:\Users\SRajendran\InsuranceNow_v1.0\InsuranceNow_v1.0\pom.xml.
2024-11-12 14:18:19,848 [Worker-20: Updating Maven Project] INFO  o.e.m.j.i.AbstractJavaProjectConfigurator - Adding source folder /InsuranceNow_v1.0/src/main/java
2024-11-12 14:18:19,848 [Worker-20: Updating Maven Project] INFO  o.e.m.j.i.AbstractJavaProjectConfigurator - Adding resource folder /InsuranceNow_v1.0/src/main/resources
2024-11-12 14:18:19,849 [Worker-20: Updating Maven Project] INFO  o.e.m.j.i.AbstractJavaProjectConfigurator - Adding source folder /InsuranceNow_v1.0/src/test/java
2024-11-12 14:18:19,849 [Worker-20: Updating Maven Project] INFO  o.e.m.j.i.AbstractJavaProjectConfigurator - Adding resource folder /InsuranceNow_v1.0/src/test/resources
2024-11-12 14:18:20,037 [Worker-20: Updating Maven Project] INFO  o.e.m.c.i.p.ProjectConfigurationManager - Update completed for 1 poms: local refresh takes 0.00 sec, refresh facades takes 0.00 sec, update config takes 0.00 sec 
2024-11-12 14:18:20,318 [Worker-20: Building] WARN  o.a.m.s.f.DefaultMavenResourcesFiltering - Using platform encoding (UTF-8 actually) to copy filtered resources, i.e. build is platform dependent!
2024-11-12 14:18:20,319 [Worker-20: Building] INFO  o.a.m.s.f.DefaultMavenResourcesFiltering - skip non existing resourceDirectory C:\Users\SRajendran\InsuranceNow_v1.0\InsuranceNow_v1.0\src\main\resources
2024-11-12 14:18:20,324 [Worker-20: Building] WARN  o.a.m.s.f.DefaultMavenResourcesFiltering - Using platform encoding (UTF-8 actually) to copy filtered resources, i.e. build is platform dependent!
2024-11-12 14:18:20,326 [Worker-20: Building] INFO  o.a.m.s.f.DefaultMavenResourcesFiltering - Copying 3 resources from src\test\resources to target\test-classes
2024-11-12 14:18:33,120 [Worker-16: Launching Executing clean in C__Users_SRajendran_InsuranceNow_v1.0_InsuranceNow_v1.0] INFO  o.eclipse.m2e.core.internal.Bundles - getClasspathEntries(Bundle=org.eclipse.m2e.maven.runtime_3.9.900.20240824-1409 [862])
2024-11-12 14:18:33,120 [Worker-16: Launching Executing clean in C__Users_SRajendran_InsuranceNow_v1.0_InsuranceNow_v1.0] INFO  o.eclipse.m2e.core.internal.Bundles - 	Entry: C:\Users\SRajendran\.p2\pool\plugins\org.eclipse.m2e.maven.runtime_3.9.900.20240824-1409
2024-11-12 14:18:33,121 [Worker-16: Launching Executing clean in C__Users_SRajendran_InsuranceNow_v1.0_InsuranceNow_v1.0] INFO  o.eclipse.m2e.core.internal.Bundles - 	Entry: C:\Users\SRajendran\.p2\pool\plugins\org.eclipse.m2e.maven.runtime_3.9.900.20240824-1409\jars\aopalliance-1.0.jar
2024-11-12 14:18:33,121 [Worker-16: Launching Executing clean in C__Users_SRajendran_InsuranceNow_v1.0_InsuranceNow_v1.0] INFO  o.eclipse.m2e.core.internal.Bundles - 	Entry: C:\Users\SRajendran\.p2\pool\plugins\org.eclipse.m2e.maven.runtime_3.9.900.20240824-1409\jars\guice-5.1.0.jar
2024-11-12 14:18:33,121 [Worker-16: Launching Executing clean in C__Users_SRajendran_InsuranceNow_v1.0_InsuranceNow_v1.0] INFO  o.eclipse.m2e.core.internal.Bundles - 	Entry: C:\Users\SRajendran\.p2\pool\plugins\org.eclipse.m2e.maven.runtime_3.9.900.20240824-1409\jars\httpclient-4.5.14.jar
2024-11-12 14:18:33,121 [Worker-16: Launching Executing clean in C__Users_SRajendran_InsuranceNow_v1.0_InsuranceNow_v1.0] INFO  o.eclipse.m2e.core.internal.Bundles - 	Entry: C:\Users\SRajendran\.p2\pool\plugins\org.eclipse.m2e.maven.runtime_3.9.900.20240824-1409\jars\httpcore-4.4.16.jar
2024-11-12 14:18:33,121 [Worker-16: Launching Executing clean in C__Users_SRajendran_InsuranceNow_v1.0_InsuranceNow_v1.0] INFO  o.eclipse.m2e.core.internal.Bundles - 	Entry: C:\Users\SRajendran\.p2\pool\plugins\org.eclipse.m2e.maven.runtime_3.9.900.20240824-1409\jars\jansi-2.4.1.jar
2024-11-12 14:18:33,122 [Worker-16: Launching Executing clean in C__Users_SRajendran_InsuranceNow_v1.0_InsuranceNow_v1.0] INFO  o.eclipse.m2e.core.internal.Bundles - 	Entry: C:\Users\SRajendran\.p2\pool\plugins\org.eclipse.m2e.maven.runtime_3.9.900.20240824-1409\jars\jcl-over-slf4j-1.7.36.jar
2024-11-12 14:18:33,122 [Worker-16: Launching Executing clean in C__Users_SRajendran_InsuranceNow_v1.0_InsuranceNow_v1.0] INFO  o.eclipse.m2e.core.internal.Bundles - 	Entry: C:\Users\SRajendran\.p2\pool\plugins\org.eclipse.m2e.maven.runtime_3.9.900.20240824-1409\jars\maven-artifact-3.9.9.jar
2024-11-12 14:18:33,122 [Worker-16: Launching Executing clean in C__Users_SRajendran_InsuranceNow_v1.0_InsuranceNow_v1.0] INFO  o.eclipse.m2e.core.internal.Bundles - 	Entry: C:\Users\SRajendran\.p2\pool\plugins\org.eclipse.m2e.maven.runtime_3.9.900.20240824-1409\jars\maven-builder-support-3.9.9.jar
2024-11-12 14:18:33,122 [Worker-16: Launching Executing clean in C__Users_SRajendran_InsuranceNow_v1.0_InsuranceNow_v1.0] INFO  o.eclipse.m2e.core.internal.Bundles - 	Entry: C:\Users\SRajendran\.p2\pool\plugins\org.eclipse.m2e.maven.runtime_3.9.900.20240824-1409\jars\maven-compat-3.9.9.jar
2024-11-12 14:18:33,123 [Worker-16: Launching Executing clean in C__Users_SRajendran_InsuranceNow_v1.0_InsuranceNow_v1.0] INFO  o.eclipse.m2e.core.internal.Bundles - 	Entry: C:\Users\SRajendran\.p2\pool\plugins\org.eclipse.m2e.maven.runtime_3.9.900.20240824-1409\jars\maven-core-3.9.9.jar
2024-11-12 14:18:33,123 [Worker-16: Launching Executing clean in C__Users_SRajendran_InsuranceNow_v1.0_InsuranceNow_v1.0] INFO  o.eclipse.m2e.core.internal.Bundles - 	Entry: C:\Users\SRajendran\.p2\pool\plugins\org.eclipse.m2e.maven.runtime_3.9.900.20240824-1409\jars\maven-embedder-3.9.9.jar
2024-11-12 14:18:33,123 [Worker-16: Launching Executing clean in C__Users_SRajendran_InsuranceNow_v1.0_InsuranceNow_v1.0] INFO  o.eclipse.m2e.core.internal.Bundles - 	Entry: C:\Users\SRajendran\.p2\pool\plugins\org.eclipse.m2e.maven.runtime_3.9.900.20240824-1409\jars\maven-model-3.9.9.jar
2024-11-12 14:18:33,123 [Worker-16: Launching Executing clean in C__Users_SRajendran_InsuranceNow_v1.0_InsuranceNow_v1.0] INFO  o.eclipse.m2e.core.internal.Bundles - 	Entry: C:\Users\SRajendran\.p2\pool\plugins\org.eclipse.m2e.maven.runtime_3.9.900.20240824-1409\jars\maven-model-builder-3.9.9.jar
2024-11-12 14:18:33,123 [Worker-16: Launching Executing clean in C__Users_SRajendran_InsuranceNow_v1.0_InsuranceNow_v1.0] INFO  o.eclipse.m2e.core.internal.Bundles - 	Entry: C:\Users\SRajendran\.p2\pool\plugins\org.eclipse.m2e.maven.runtime_3.9.900.20240824-1409\jars\maven-plugin-api-3.9.9.jar
2024-11-12 14:18:33,123 [Worker-16: Launching Executing clean in C__Users_SRajendran_InsuranceNow_v1.0_InsuranceNow_v1.0] INFO  o.eclipse.m2e.core.internal.Bundles - 	Entry: C:\Users\SRajendran\.p2\pool\plugins\org.eclipse.m2e.maven.runtime_3.9.900.20240824-1409\jars\maven-repository-metadata-3.9.9.jar
2024-11-12 14:18:33,123 [Worker-16: Launching Executing clean in C__Users_SRajendran_InsuranceNow_v1.0_InsuranceNow_v1.0] INFO  o.eclipse.m2e.core.internal.Bundles - 	Entry: C:\Users\SRajendran\.p2\pool\plugins\org.eclipse.m2e.maven.runtime_3.9.900.20240824-1409\jars\maven-resolver-api-1.9.22.jar
2024-11-12 14:18:33,123 [Worker-16: Launching Executing clean in C__Users_SRajendran_InsuranceNow_v1.0_InsuranceNow_v1.0] INFO  o.eclipse.m2e.core.internal.Bundles - 	Entry: C:\Users\SRajendran\.p2\pool\plugins\org.eclipse.m2e.maven.runtime_3.9.900.20240824-1409\jars\maven-resolver-connector-basic-1.9.22.jar
2024-11-12 14:18:33,124 [Worker-16: Launching Executing clean in C__Users_SRajendran_InsuranceNow_v1.0_InsuranceNow_v1.0] INFO  o.eclipse.m2e.core.internal.Bundles - 	Entry: C:\Users\SRajendran\.p2\pool\plugins\org.eclipse.m2e.maven.runtime_3.9.900.20240824-1409\jars\maven-resolver-impl-1.9.22.jar
2024-11-12 14:18:33,124 [Worker-16: Launching Executing clean in C__Users_SRajendran_InsuranceNow_v1.0_InsuranceNow_v1.0] INFO  o.eclipse.m2e.core.internal.Bundles - 	Entry: C:\Users\SRajendran\.p2\pool\plugins\org.eclipse.m2e.maven.runtime_3.9.900.20240824-1409\jars\maven-resolver-named-locks-1.9.22.jar
2024-11-12 14:18:33,124 [Worker-16: Launching Executing clean in C__Users_SRajendran_InsuranceNow_v1.0_InsuranceNow_v1.0] INFO  o.eclipse.m2e.core.internal.Bundles - 	Entry: C:\Users\SRajendran\.p2\pool\plugins\org.eclipse.m2e.maven.runtime_3.9.900.20240824-1409\jars\maven-resolver-provider-3.9.9.jar
2024-11-12 14:18:33,124 [Worker-16: Launching Executing clean in C__Users_SRajendran_InsuranceNow_v1.0_InsuranceNow_v1.0] INFO  o.eclipse.m2e.core.internal.Bundles - 	Entry: C:\Users\SRajendran\.p2\pool\plugins\org.eclipse.m2e.maven.runtime_3.9.900.20240824-1409\jars\maven-resolver-spi-1.9.22.jar
2024-11-12 14:18:33,124 [Worker-16: Launching Executing clean in C__Users_SRajendran_InsuranceNow_v1.0_InsuranceNow_v1.0] INFO  o.eclipse.m2e.core.internal.Bundles - 	Entry: C:\Users\SRajendran\.p2\pool\plugins\org.eclipse.m2e.maven.runtime_3.9.900.20240824-1409\jars\maven-resolver-transport-file-1.9.22.jar
2024-11-12 14:18:33,124 [Worker-16: Launching Executing clean in C__Users_SRajendran_InsuranceNow_v1.0_InsuranceNow_v1.0] INFO  o.eclipse.m2e.core.internal.Bundles - 	Entry: C:\Users\SRajendran\.p2\pool\plugins\org.eclipse.m2e.maven.runtime_3.9.900.20240824-1409\jars\maven-resolver-transport-http-1.9.22.jar
2024-11-12 14:18:33,124 [Worker-16: Launching Executing clean in C__Users_SRajendran_InsuranceNow_v1.0_InsuranceNow_v1.0] INFO  o.eclipse.m2e.core.internal.Bundles - 	Entry: C:\Users\SRajendran\.p2\pool\plugins\org.eclipse.m2e.maven.runtime_3.9.900.20240824-1409\jars\maven-resolver-transport-wagon-1.9.22.jar
2024-11-12 14:18:33,124 [Worker-16: Launching Executing clean in C__Users_SRajendran_InsuranceNow_v1.0_InsuranceNow_v1.0] INFO  o.eclipse.m2e.core.internal.Bundles - 	Entry: C:\Users\SRajendran\.p2\pool\plugins\org.eclipse.m2e.maven.runtime_3.9.900.20240824-1409\jars\maven-resolver-util-1.9.22.jar
2024-11-12 14:18:33,124 [Worker-16: Launching Executing clean in C__Users_SRajendran_InsuranceNow_v1.0_InsuranceNow_v1.0] INFO  o.eclipse.m2e.core.internal.Bundles - 	Entry: C:\Users\SRajendran\.p2\pool\plugins\org.eclipse.m2e.maven.runtime_3.9.900.20240824-1409\jars\maven-settings-3.9.9.jar
2024-11-12 14:18:33,125 [Worker-16: Launching Executing clean in C__Users_SRajendran_InsuranceNow_v1.0_InsuranceNow_v1.0] INFO  o.eclipse.m2e.core.internal.Bundles - 	Entry: C:\Users\SRajendran\.p2\pool\plugins\org.eclipse.m2e.maven.runtime_3.9.900.20240824-1409\jars\maven-settings-builder-3.9.9.jar
2024-11-12 14:18:33,125 [Worker-16: Launching Executing clean in C__Users_SRajendran_InsuranceNow_v1.0_InsuranceNow_v1.0] INFO  o.eclipse.m2e.core.internal.Bundles - 	Entry: C:\Users\SRajendran\.p2\pool\plugins\org.eclipse.m2e.maven.runtime_3.9.900.20240824-1409\jars\maven-shared-utils-3.4.2.jar
2024-11-12 14:18:33,125 [Worker-16: Launching Executing clean in C__Users_SRajendran_InsuranceNow_v1.0_InsuranceNow_v1.0] INFO  o.eclipse.m2e.core.internal.Bundles - 	Entry: C:\Users\SRajendran\.p2\pool\plugins\org.eclipse.m2e.maven.runtime_3.9.900.20240824-1409\jars\org.eclipse.sisu.inject-0.9.0.M3.jar
2024-11-12 14:18:33,125 [Worker-16: Launching Executing clean in C__Users_SRajendran_InsuranceNow_v1.0_InsuranceNow_v1.0] INFO  o.eclipse.m2e.core.internal.Bundles - 	Entry: C:\Users\SRajendran\.p2\pool\plugins\org.eclipse.m2e.maven.runtime_3.9.900.20240824-1409\jars\org.eclipse.sisu.plexus-0.9.0.M3.jar
2024-11-12 14:18:33,125 [Worker-16: Launching Executing clean in C__Users_SRajendran_InsuranceNow_v1.0_InsuranceNow_v1.0] INFO  o.eclipse.m2e.core.internal.Bundles - 	Entry: C:\Users\SRajendran\.p2\pool\plugins\org.eclipse.m2e.maven.runtime_3.9.900.20240824-1409\jars\plexus-build-api-0.0.7.jar
2024-11-12 14:18:33,125 [Worker-16: Launching Executing clean in C__Users_SRajendran_InsuranceNow_v1.0_InsuranceNow_v1.0] INFO  o.eclipse.m2e.core.internal.Bundles - 	Entry: C:\Users\SRajendran\.p2\pool\plugins\org.eclipse.m2e.maven.runtime_3.9.900.20240824-1409\jars\plexus-build-api-1.2.0.jar
2024-11-12 14:18:33,125 [Worker-16: Launching Executing clean in C__Users_SRajendran_InsuranceNow_v1.0_InsuranceNow_v1.0] INFO  o.eclipse.m2e.core.internal.Bundles - 	Entry: C:\Users\SRajendran\.p2\pool\plugins\org.eclipse.m2e.maven.runtime_3.9.900.20240824-1409\jars\plexus-cipher-2.0.jar
2024-11-12 14:18:33,125 [Worker-16: Launching Executing clean in C__Users_SRajendran_InsuranceNow_v1.0_InsuranceNow_v1.0] INFO  o.eclipse.m2e.core.internal.Bundles - 	Entry: C:\Users\SRajendran\.p2\pool\plugins\org.eclipse.m2e.maven.runtime_3.9.900.20240824-1409\jars\plexus-classworlds-2.8.0.jar
2024-11-12 14:18:33,126 [Worker-16: Launching Executing clean in C__Users_SRajendran_InsuranceNow_v1.0_InsuranceNow_v1.0] INFO  o.eclipse.m2e.core.internal.Bundles - 	Entry: C:\Users\SRajendran\.p2\pool\plugins\org.eclipse.m2e.maven.runtime_3.9.900.20240824-1409\jars\plexus-component-annotations-2.1.0.jar
2024-11-12 14:18:33,126 [Worker-16: Launching Executing clean in C__Users_SRajendran_InsuranceNow_v1.0_InsuranceNow_v1.0] INFO  o.eclipse.m2e.core.internal.Bundles - 	Entry: C:\Users\SRajendran\.p2\pool\plugins\org.eclipse.m2e.maven.runtime_3.9.900.20240824-1409\jars\plexus-interpolation-1.27.jar
2024-11-12 14:18:33,126 [Worker-16: Launching Executing clean in C__Users_SRajendran_InsuranceNow_v1.0_InsuranceNow_v1.0] INFO  o.eclipse.m2e.core.internal.Bundles - 	Entry: C:\Users\SRajendran\.p2\pool\plugins\org.eclipse.m2e.maven.runtime_3.9.900.20240824-1409\jars\plexus-sec-dispatcher-2.0.jar
2024-11-12 14:18:33,126 [Worker-16: Launching Executing clean in C__Users_SRajendran_InsuranceNow_v1.0_InsuranceNow_v1.0] INFO  o.eclipse.m2e.core.internal.Bundles - 	Entry: C:\Users\SRajendran\.p2\pool\plugins\org.eclipse.m2e.maven.runtime_3.9.900.20240824-1409\jars\plexus-utils-3.5.1.jar
2024-11-12 14:18:33,126 [Worker-16: Launching Executing clean in C__Users_SRajendran_InsuranceNow_v1.0_InsuranceNow_v1.0] INFO  o.eclipse.m2e.core.internal.Bundles - 	Entry: C:\Users\SRajendran\.p2\pool\plugins\org.eclipse.m2e.maven.runtime_3.9.900.20240824-1409\jars\plexus-xml-3.0.1.jar
2024-11-12 14:18:33,126 [Worker-16: Launching Executing clean in C__Users_SRajendran_InsuranceNow_v1.0_InsuranceNow_v1.0] INFO  o.eclipse.m2e.core.internal.Bundles - 	Entry: C:\Users\SRajendran\.p2\pool\plugins\org.eclipse.m2e.maven.runtime_3.9.900.20240824-1409\jars\wagon-file-3.5.3.jar
2024-11-12 14:18:33,127 [Worker-16: Launching Executing clean in C__Users_SRajendran_InsuranceNow_v1.0_InsuranceNow_v1.0] INFO  o.eclipse.m2e.core.internal.Bundles - 	Entry: C:\Users\SRajendran\.p2\pool\plugins\org.eclipse.m2e.maven.runtime_3.9.900.20240824-1409\jars\wagon-http-3.5.3.jar
2024-11-12 14:18:33,127 [Worker-16: Launching Executing clean in C__Users_SRajendran_InsuranceNow_v1.0_InsuranceNow_v1.0] INFO  o.eclipse.m2e.core.internal.Bundles - 	Entry: C:\Users\SRajendran\.p2\pool\plugins\org.eclipse.m2e.maven.runtime_3.9.900.20240824-1409\jars\wagon-http-shared-3.5.3.jar
2024-11-12 14:18:33,128 [Worker-16: Launching Executing clean in C__Users_SRajendran_InsuranceNow_v1.0_InsuranceNow_v1.0] INFO  o.eclipse.m2e.core.internal.Bundles - 	Entry: C:\Users\SRajendran\.p2\pool\plugins\org.eclipse.m2e.maven.runtime_3.9.900.20240824-1409\jars\wagon-provider-api-3.5.3.jar
2024-11-12 14:18:33,128 [Worker-16: Launching Executing clean in C__Users_SRajendran_InsuranceNow_v1.0_InsuranceNow_v1.0] INFO  o.eclipse.m2e.core.internal.Bundles - getClasspathEntries(Bundle=com.google.guava_33.3.0.jre [642])
2024-11-12 14:18:33,128 [Worker-16: Launching Executing clean in C__Users_SRajendran_InsuranceNow_v1.0_InsuranceNow_v1.0] INFO  o.eclipse.m2e.core.internal.Bundles - 	Entry: C:\Users\SRajendran\.p2\pool\plugins\com.google.guava_33.3.0.jre.jar
2024-11-12 14:18:33,128 [Worker-16: Launching Executing clean in C__Users_SRajendran_InsuranceNow_v1.0_InsuranceNow_v1.0] INFO  o.eclipse.m2e.core.internal.Bundles - getClasspathEntries(Bundle=slf4j.api_2.0.16 [1030])
2024-11-12 14:18:33,129 [Worker-16: Launching Executing clean in C__Users_SRajendran_InsuranceNow_v1.0_InsuranceNow_v1.0] INFO  o.eclipse.m2e.core.internal.Bundles - 	Entry: C:\Users\SRajendran\.p2\pool\plugins\slf4j.api_2.0.16.jar
2024-11-12 14:18:33,129 [Worker-16: Launching Executing clean in C__Users_SRajendran_InsuranceNow_v1.0_InsuranceNow_v1.0] INFO  o.eclipse.m2e.core.internal.Bundles - getClasspathEntries(Bundle=jakarta.inject.jakarta.inject-api_1.0.5 [22])
2024-11-12 14:18:33,129 [Worker-16: Launching Executing clean in C__Users_SRajendran_InsuranceNow_v1.0_InsuranceNow_v1.0] INFO  o.eclipse.m2e.core.internal.Bundles - 	Entry: C:\Users\SRajendran\.p2\pool\plugins\jakarta.inject.jakarta.inject-api_1.0.5.jar
2024-11-12 14:18:33,129 [Worker-16: Launching Executing clean in C__Users_SRajendran_InsuranceNow_v1.0_InsuranceNow_v1.0] INFO  o.eclipse.m2e.core.internal.Bundles - getClasspathEntries(Bundle=jakarta.annotation-api_1.3.5 [20])
2024-11-12 14:18:33,130 [Worker-16: Launching Executing clean in C__Users_SRajendran_InsuranceNow_v1.0_InsuranceNow_v1.0] INFO  o.eclipse.m2e.core.internal.Bundles - 	Entry: C:\Users\SRajendran\.p2\pool\plugins\jakarta.annotation-api_1.3.5.jar
2024-11-12 14:18:33,130 [Worker-16: Launching Executing clean in C__Users_SRajendran_InsuranceNow_v1.0_InsuranceNow_v1.0] INFO  o.eclipse.m2e.core.internal.Bundles - getClasspathEntries(Bundle=org.apache.commons.cli_1.9.0 [658])
2024-11-12 14:18:33,130 [Worker-16: Launching Executing clean in C__Users_SRajendran_InsuranceNow_v1.0_InsuranceNow_v1.0] INFO  o.eclipse.m2e.core.internal.Bundles - 	Entry: C:\Users\SRajendran\.p2\pool\plugins\org.apache.commons.cli_1.9.0.jar
2024-11-12 14:18:33,130 [Worker-16: Launching Executing clean in C__Users_SRajendran_InsuranceNow_v1.0_InsuranceNow_v1.0] INFO  o.eclipse.m2e.core.internal.Bundles - getClasspathEntries(Bundle=org.apache.commons.commons-codec_1.16.0 [47])
2024-11-12 14:18:33,130 [Worker-16: Launching Executing clean in C__Users_SRajendran_InsuranceNow_v1.0_InsuranceNow_v1.0] INFO  o.eclipse.m2e.core.internal.Bundles - 	Entry: C:\Users\SRajendran\.p2\pool\plugins\org.apache.commons.commons-codec_1.16.0.jar
2024-11-12 14:18:33,131 [Worker-16: Launching Executing clean in C__Users_SRajendran_InsuranceNow_v1.0_InsuranceNow_v1.0] INFO  o.eclipse.m2e.core.internal.Bundles - getClasspathEntries(Bundle=com.google.guava.failureaccess_1.0.2 [11])
2024-11-12 14:18:33,131 [Worker-16: Launching Executing clean in C__Users_SRajendran_InsuranceNow_v1.0_InsuranceNow_v1.0] INFO  o.eclipse.m2e.core.internal.Bundles - 	Entry: C:\Users\SRajendran\.p2\pool\plugins\com.google.guava.failureaccess_1.0.2.jar
2024-11-12 14:18:33,136 [Worker-16: Launching Executing clean in C__Users_SRajendran_InsuranceNow_v1.0_InsuranceNow_v1.0] INFO  o.e.m.i.launch.MavenLaunchDelegate - Run build in "C:\Users\SRajendran\InsuranceNow_v1.0\InsuranceNow_v1.0":
2024-11-12 14:18:33,136 [Worker-16: Launching Executing clean in C__Users_SRajendran_InsuranceNow_v1.0_InsuranceNow_v1.0] INFO  o.e.m.i.launch.MavenLaunchDelegate -  mvn  -B -Dstyle.color=always clean
2024-11-12 14:18:37,661 [Worker-11: Building] WARN  o.a.m.s.f.DefaultMavenResourcesFiltering - Using platform encoding (UTF-8 actually) to copy filtered resources, i.e. build is platform dependent!
2024-11-12 14:18:37,661 [Worker-11: Building] INFO  o.a.m.s.f.DefaultMavenResourcesFiltering - skip non existing resourceDirectory C:\Users\SRajendran\InsuranceNow_v1.0\InsuranceNow_v1.0\src\main\resources
2024-11-12 14:18:37,663 [Worker-11: Building] WARN  o.a.m.s.f.DefaultMavenResourcesFiltering - Using platform encoding (UTF-8 actually) to copy filtered resources, i.e. build is platform dependent!
2024-11-12 14:18:37,664 [Worker-11: Building] INFO  o.a.m.s.f.DefaultMavenResourcesFiltering - Copying 3 resources from src\test\resources to target\test-classes
2024-11-12 14:43:51,174 [Worker-2: Loading available Gradle versions] INFO  o.e.b.c.i.u.g.PublishedGradleVersions - Gradle version information cache is up-to-date. Trying to read.
2024-11-12 14:49:09,616 [Worker-5: Building] WARN  o.a.m.s.f.DefaultMavenResourcesFiltering - Using platform encoding (UTF-8 actually) to copy filtered resources, i.e. build is platform dependent!
2024-11-12 14:49:09,618 [Worker-5: Building] INFO  o.a.m.s.f.DefaultMavenResourcesFiltering - skip non existing resourceDirectory C:\Users\SRajendran\InsuranceNow_v1.0\InsuranceNow_v1.0\src\main\resources
2024-11-12 14:49:09,622 [Worker-5: Building] WARN  o.a.m.s.f.DefaultMavenResourcesFiltering - Using platform encoding (UTF-8 actually) to copy filtered resources, i.e. build is platform dependent!
2024-11-12 14:49:09,627 [Worker-5: Building] INFO  o.a.m.s.f.DefaultMavenResourcesFiltering - Copying 3 resources from src\test\resources to target\test-classes
2024-11-12 15:36:38,381 [Worker-5: Building] WARN  o.a.m.s.f.DefaultMavenResourcesFiltering - Using platform encoding (UTF-8 actually) to copy filtered resources, i.e. build is platform dependent!
2024-11-12 15:36:38,382 [Worker-5: Building] INFO  o.a.m.s.f.DefaultMavenResourcesFiltering - skip non existing resourceDirectory C:\Users\SRajendran\InsuranceNow_v1.0\InsuranceNow_v1.0\src\main\resources
2024-11-12 15:36:38,384 [Worker-5: Building] WARN  o.a.m.s.f.DefaultMavenResourcesFiltering - Using platform encoding (UTF-8 actually) to copy filtered resources, i.e. build is platform dependent!
2024-11-12 15:36:38,385 [Worker-5: Building] INFO  o.a.m.s.f.DefaultMavenResourcesFiltering - Copying 0 resource from src\test\resources to target\test-classes
2024-11-12 16:09:03,761 [Worker-27: Building] WARN  o.a.m.s.f.DefaultMavenResourcesFiltering - Using platform encoding (UTF-8 actually) to copy filtered resources, i.e. build is platform dependent!
2024-11-12 16:09:03,763 [Worker-27: Building] INFO  o.a.m.s.f.DefaultMavenResourcesFiltering - skip non existing resourceDirectory C:\Users\SRajendran\InsuranceNow_v1.0\InsuranceNow_v1.0\src\main\resources
2024-11-12 16:09:03,768 [Worker-27: Building] WARN  o.a.m.s.f.DefaultMavenResourcesFiltering - Using platform encoding (UTF-8 actually) to copy filtered resources, i.e. build is platform dependent!
2024-11-12 16:09:03,772 [Worker-27: Building] INFO  o.a.m.s.f.DefaultMavenResourcesFiltering - Copying 0 resource from src\test\resources to target\test-classes
2024-11-12 16:14:23,588 [Worker-24: Building] WARN  o.a.m.s.f.DefaultMavenResourcesFiltering - Using platform encoding (UTF-8 actually) to copy filtered resources, i.e. build is platform dependent!
2024-11-12 16:14:23,589 [Worker-24: Building] INFO  o.a.m.s.f.DefaultMavenResourcesFiltering - skip non existing resourceDirectory C:\Users\SRajendran\InsuranceNow_v1.0\InsuranceNow_v1.0\src\main\resources
2024-11-12 16:14:23,591 [Worker-24: Building] WARN  o.a.m.s.f.DefaultMavenResourcesFiltering - Using platform encoding (UTF-8 actually) to copy filtered resources, i.e. build is platform dependent!
2024-11-12 16:14:23,593 [Worker-24: Building] INFO  o.a.m.s.f.DefaultMavenResourcesFiltering - Copying 0 resource from src\test\resources to target\test-classes
2024-11-12 16:33:38,211 [main] WARN  org.eclipse.jgit.util.FS_Win32 - null
2024-11-12 16:33:43,344 [Worker-24: Building] WARN  o.a.m.s.f.DefaultMavenResourcesFiltering - Using platform encoding (UTF-8 actually) to copy filtered resources, i.e. build is platform dependent!
2024-11-12 16:33:43,345 [Worker-24: Building] INFO  o.a.m.s.f.DefaultMavenResourcesFiltering - skip non existing resourceDirectory C:\Users\SRajendran\InsuranceNow_v1.0\InsuranceNow_v1.0\src\main\resources
2024-11-12 16:33:43,347 [Worker-24: Building] WARN  o.a.m.s.f.DefaultMavenResourcesFiltering - Using platform encoding (UTF-8 actually) to copy filtered resources, i.e. build is platform dependent!
2024-11-12 16:33:43,348 [Worker-24: Building] INFO  o.a.m.s.f.DefaultMavenResourcesFiltering - Copying 0 resource from src\test\resources to target\test-classes
2024-11-12 16:43:03,257 [Worker-27: Building] WARN  o.a.m.s.f.DefaultMavenResourcesFiltering - Using platform encoding (UTF-8 actually) to copy filtered resources, i.e. build is platform dependent!
2024-11-12 16:43:03,259 [Worker-27: Building] INFO  o.a.m.s.f.DefaultMavenResourcesFiltering - skip non existing resourceDirectory C:\Users\SRajendran\InsuranceNow_v1.0\InsuranceNow_v1.0\src\main\resources
2024-11-12 16:43:03,261 [Worker-27: Building] WARN  o.a.m.s.f.DefaultMavenResourcesFiltering - Using platform encoding (UTF-8 actually) to copy filtered resources, i.e. build is platform dependent!
2024-11-12 16:43:03,262 [Worker-27: Building] INFO  o.a.m.s.f.DefaultMavenResourcesFiltering - Copying 0 resource from src\test\resources to target\test-classes
2024-11-12 18:45:06,049 [Worker-4: Loading available Gradle versions] INFO  o.e.b.c.i.u.g.PublishedGradleVersions - Gradle version information cache is up-to-date. Trying to read.
2024-11-12 18:47:25,141 [main] WARN  org.eclipse.jgit.util.FS_Win32 - null
